2003.07.17 11:19 B C:\PAPERS\papers\practice\012700-1.html <-- WS_FTP32 /home/pg02305/PAPERS/papers/practice 012700-1.html
2003.07.17 11:19 B C:\PAPERS\papers\practice\about.html <-- WS_FTP32 /home/pg02305/PAPERS/papers/practice about.html
2003.07.17 11:19 B C:\PAPERS\papers\practice\aboutcard.html <-- WS_FTP32 /home/pg02305/PAPERS/papers/practice aboutcard.html
2003.07.17 11:19 B C:\PAPERS\papers\practice\archives.html <-- WS_FTP32 /home/pg02305/PAPERS/papers/practice archives.html
2003.07.17 11:19 B C:\PAPERS\papers\practice\arts.gif <-- WS_FTP32 /home/pg02305/PAPERS/papers/practice arts.gif
2003.07.17 11:19 B C:\PAPERS\papers\practice\arttilea.jpg <-- WS_FTP32 /home/pg02305/PAPERS/papers/practice arttilea.jpg
2003.07.17 11:19 B C:\PAPERS\papers\practice\bfl.txt <-- WS_FTP32 /home/pg02305/PAPERS/papers/practice bfl.txt
2003.07.17 11:19 B C:\PAPERS\papers\practice\bluebord.gif <-- WS_FTP32 /home/pg02305/PAPERS/papers/practice bluebord.gif
2003.07.17 11:19 B C:\PAPERS\papers\practice\career.html <-- WS_FTP32 /home/pg02305/PAPERS/papers/practice career.html
2003.07.17 11:19 B C:\PAPERS\papers\practice\CDN.css <-- WS_FTP32 /home/pg02305/PAPERS/papers/practice CDN.css
2003.07.17 11:19 B C:\PAPERS\papers\practice\cisco.txt <-- WS_FTP32 /home/pg02305/PAPERS/papers/practice cisco.txt
2003.07.17 11:19 B C:\PAPERS\papers\practice\familyandfriends.html <-- WS_FTP32 /home/pg02305/PAPERS/papers/practice familyandfriends.html
2003.07.17 11:19 B C:\PAPERS\papers\practice\faq.html <-- WS_FTP32 /home/pg02305/PAPERS/papers/practice faq.html
2003.07.17 11:19 B C:\PAPERS\papers\practice\fariaz.html <-- WS_FTP32 /home/pg02305/PAPERS/papers/practice fariaz.html
2003.07.17 11:19 B C:\PAPERS\papers\practice\favoritelinks.html <-- WS_FTP32 /home/pg02305/PAPERS/papers/practice favoritelinks.html
2003.07.17 11:19 B C:\PAPERS\papers\practice\feedback.html <-- WS_FTP32 /home/pg02305/PAPERS/papers/practice feedback.html
2003.07.17 11:19 B C:\PAPERS\papers\practice\general.html <-- WS_FTP32 /home/pg02305/PAPERS/papers/practice general.html
2003.07.17 11:19 B C:\PAPERS\papers\practice\honewell.txt <-- WS_FTP32 /home/pg02305/PAPERS/papers/practice honewell.txt
2003.07.17 11:19 B C:\PAPERS\papers\practice\howsoftwarecompaniesdie.html <-- WS_FTP32 /home/pg02305/PAPERS/papers/practice howsoftwarecompaniesdie.html
2003.07.17 11:19 B C:\PAPERS\papers\practice\hughes-99.txt <-- WS_FTP32 /home/pg02305/PAPERS/papers/practice hughes-99.txt
2003.07.17 11:19 B C:\PAPERS\papers\practice\hughes_99_rourke.txt <-- WS_FTP32 /home/pg02305/PAPERS/papers/practice hughes_99_rourke.txt
2003.07.17 11:19 B C:\PAPERS\papers\practice\hughes_rorke.txt <-- WS_FTP32 /home/pg02305/PAPERS/papers/practice hughes_rorke.txt
2003.07.17 11:19 B C:\PAPERS\papers\practice\IBMglobal.txt <-- WS_FTP32 /home/pg02305/PAPERS/papers/practice IBMglobal.txt
2003.07.17 11:19 B C:\PAPERS\papers\practice\idea02.gif <-- WS_FTP32 /home/pg02305/PAPERS/papers/practice idea02.gif
2003.07.17 11:19 B C:\PAPERS\papers\practice\index.htm <-- WS_FTP32 /home/pg02305/PAPERS/papers/practice index.htm
2003.07.17 11:19 B C:\PAPERS\papers\practice\index.html <-- WS_FTP32 /home/pg02305/PAPERS/papers/practice index.html
2003.07.17 11:19 B C:\PAPERS\papers\practice\infosys.txt <-- WS_FTP32 /home/pg02305/PAPERS/papers/practice infosys.txt
2003.07.17 11:19 B C:\PAPERS\papers\practice\infosys99_1.txt <-- WS_FTP32 /home/pg02305/PAPERS/papers/practice infosys99_1.txt
2003.07.17 11:19 B C:\PAPERS\papers\practice\infosys99_2.txt <-- WS_FTP32 /home/pg02305/PAPERS/papers/practice infosys99_2.txt
2003.07.17 11:19 B C:\PAPERS\papers\practice\infosys99_3.txt <-- WS_FTP32 /home/pg02305/PAPERS/papers/practice infosys99_3.txt
2003.07.17 11:19 B C:\PAPERS\papers\practice\infosys99_4.txt <-- WS_FTP32 /home/pg02305/PAPERS/papers/practice infosys99_4.txt
2003.07.17 11:19 B C:\PAPERS\papers\practice\Intel.txt <-- WS_FTP32 /home/pg02305/PAPERS/papers/practice Intel.txt
2003.07.17 11:19 B C:\PAPERS\papers\practice\java.html <-- WS_FTP32 /home/pg02305/PAPERS/papers/practice java.html
2003.07.17 11:19 B C:\PAPERS\papers\practice\maze.gif <-- WS_FTP32 /home/pg02305/PAPERS/papers/practice maze.gif
2003.07.17 11:19 B C:\PAPERS\papers\practice\microsoft.tar <-- WS_FTP32 /home/pg02305/PAPERS/papers/practice microsoft.tar
2003.07.17 11:19 B C:\PAPERS\papers\practice\Microsoft.txt <-- WS_FTP32 /home/pg02305/PAPERS/papers/practice Microsoft.txt
2003.07.17 11:19 B C:\PAPERS\papers\practice\microsoft_interview.html <-- WS_FTP32 /home/pg02305/PAPERS/papers/practice microsoft_interview.html
2003.07.17 11:19 B C:\PAPERS\papers\practice\monitr1.gif <-- WS_FTP32 /home/pg02305/PAPERS/papers/practice monitr1.gif
2003.07.17 11:19 B C:\PAPERS\papers\practice\motorola.txt <-- WS_FTP32 /home/pg02305/PAPERS/papers/practice motorola.txt
2003.07.17 11:19 B C:\PAPERS\papers\practice\motorola1.txt <-- WS_FTP32 /home/pg02305/PAPERS/papers/practice motorola1.txt
2003.07.17 11:19 B C:\PAPERS\papers\practice\motorola99_1.txt <-- WS_FTP32 /home/pg02305/PAPERS/papers/practice motorola99_1.txt
2003.07.17 11:19 B C:\PAPERS\papers\practice\motorola99_2.txt <-- WS_FTP32 /home/pg02305/PAPERS/papers/practice motorola99_2.txt
2003.07.17 11:19 B C:\PAPERS\papers\practice\MS.ps <-- WS_FTP32 /home/pg02305/PAPERS/papers/practice MS.ps
2003.07.17 11:19 B C:\PAPERS\papers\practice\MS.puzzles1 <-- WS_FTP32 /home/pg02305/PAPERS/papers/practice MS.puzzles1
2003.07.17 11:19 B C:\PAPERS\papers\practice\MS.Pvrao <-- WS_FTP32 /home/pg02305/PAPERS/papers/practice MS.Pvrao
2003.07.17 11:19 B C:\PAPERS\papers\practice\MS.Pvrao3 <-- WS_FTP32 /home/pg02305/PAPERS/papers/practice MS.Pvrao3
2003.07.17 11:19 B C:\PAPERS\papers\practice\ms.questions <-- WS_FTP32 /home/pg02305/PAPERS/papers/practice ms.questions
2003.07.17 11:19 B C:\PAPERS\papers\practice\MS.text <-- WS_FTP32 /home/pg02305/PAPERS/papers/practice MS.text
2003.07.17 11:19 B C:\PAPERS\papers\practice\MSQ.Anil <-- WS_FTP32 /home/pg02305/PAPERS/papers/practice MSQ.Anil
2003.07.17 11:19 B C:\PAPERS\papers\practice\msqs.html <-- WS_FTP32 /home/pg02305/PAPERS/papers/practice msqs.html
2003.07.17 11:19 B C:\PAPERS\papers\practice\msqs2.htm <-- WS_FTP32 /home/pg02305/PAPERS/papers/practice msqs2.htm
2003.07.17 11:19 B C:\PAPERS\papers\practice\news.html <-- WS_FTP32 /home/pg02305/PAPERS/papers/practice news.html
2003.07.17 11:19 B C:\PAPERS\papers\practice\NOVELL.txt <-- WS_FTP32 /home/pg02305/PAPERS/papers/practice NOVELL.txt
2003.07.17 11:19 B C:\PAPERS\papers\practice\phil.txt <-- WS_FTP32 /home/pg02305/PAPERS/papers/practice phil.txt
2003.07.17 11:19 B C:\PAPERS\papers\practice\pictures.html <-- WS_FTP32 /home/pg02305/PAPERS/papers/practice pictures.html
2003.07.17 11:19 B C:\PAPERS\papers\practice\placement.ps.gz <-- WS_FTP32 /home/pg02305/PAPERS/papers/practice placement.ps.gz
2003.07.17 11:19 B C:\PAPERS\papers\practice\practice.html <-- WS_FTP32 /home/pg02305/PAPERS/papers/practice practice.html
2003.07.17 11:19 B C:\PAPERS\papers\practice\programmerinterviewquestions.html <-- WS_FTP32 /home/pg02305/PAPERS/papers/practice programmerinterviewquestions.html
2003.07.17 11:19 B C:\PAPERS\papers\practice\programmerinterviewquestionsintro.html <-- WS_FTP32 /home/pg02305/PAPERS/papers/practice programmerinterviewquestionsintro.html
2003.07.17 11:19 B C:\PAPERS\papers\practice\programming.html <-- WS_FTP32 /home/pg02305/PAPERS/papers/practice programming.html
2003.07.17 11:19 B C:\PAPERS\papers\practice\qanda.cgi <-- WS_FTP32 /home/pg02305/PAPERS/papers/practice qanda.cgi
2003.07.17 11:19 B C:\PAPERS\papers\practice\qanda2.cgi <-- WS_FTP32 /home/pg02305/PAPERS/papers/practice qanda2.cgi
2003.07.17 11:19 B C:\PAPERS\papers\practice\qanda3.cgi <-- WS_FTP32 /home/pg02305/PAPERS/papers/practice qanda3.cgi
2003.07.17 11:19 B C:\PAPERS\papers\practice\qanda4.cgi <-- WS_FTP32 /home/pg02305/PAPERS/papers/practice qanda4.cgi
2003.07.17 11:19 B C:\PAPERS\papers\practice\qanda5.cgi <-- WS_FTP32 /home/pg02305/PAPERS/papers/practice qanda5.cgi
2003.07.17 11:19 B C:\PAPERS\papers\practice\qanda6.cgi <-- WS_FTP32 /home/pg02305/PAPERS/papers/practice qanda6.cgi
2003.07.17 11:19 B C:\PAPERS\papers\practice\qanda7.cgi <-- WS_FTP32 /home/pg02305/PAPERS/papers/practice qanda7.cgi
2003.07.17 11:19 B C:\PAPERS\papers\practice\qanda8.cgi <-- WS_FTP32 /home/pg02305/PAPERS/papers/practice qanda8.cgi
2003.07.17 11:19 B C:\PAPERS\papers\practice\qanda9.cgi <-- WS_FTP32 /home/pg02305/PAPERS/papers/practice qanda9.cgi
2003.07.17 11:19 B C:\PAPERS\papers\practice\quesforinterviewer.html <-- WS_FTP32 /home/pg02305/PAPERS/papers/practice quesforinterviewer.html
2003.07.17 11:19 B C:\PAPERS\papers\practice\question.gif <-- WS_FTP32 /home/pg02305/PAPERS/papers/practice question.gif
2003.07.17 11:19 B C:\PAPERS\papers\practice\question.htm <-- WS_FTP32 /home/pg02305/PAPERS/papers/practice question.htm
2003.07.17 11:19 B C:\PAPERS\papers\practice\redball.gif <-- WS_FTP32 /home/pg02305/PAPERS/papers/practice redball.gif
2003.07.17 11:19 B C:\PAPERS\papers\practice\solutionanothermsquestion.html <-- WS_FTP32 /home/pg02305/PAPERS/papers/practice solutionanothermsquestion.html
2003.07.17 11:19 B C:\PAPERS\papers\practice\solutionbonus.html <-- WS_FTP32 /home/pg02305/PAPERS/papers/practice solutionbonus.html
2003.07.17 11:19 B C:\PAPERS\papers\practice\solutiondarreneggett.html <-- WS_FTP32 /home/pg02305/PAPERS/papers/practice solutiondarreneggett.html
2003.07.17 11:19 B C:\PAPERS\papers\practice\solutiongarystrawn.html <-- WS_FTP32 /home/pg02305/PAPERS/papers/practice solutiongarystrawn.html
2003.07.17 11:19 B C:\PAPERS\papers\practice\solutionjoshjensen.html <-- WS_FTP32 /home/pg02305/PAPERS/papers/practice solutionjoshjensen.html
2003.07.17 11:19 B C:\PAPERS\papers\practice\solutionmicrosoft.html <-- WS_FTP32 /home/pg02305/PAPERS/papers/practice solutionmicrosoft.html
2003.07.17 11:19 B C:\PAPERS\papers\practice\solutionmikemoore.html <-- WS_FTP32 /home/pg02305/PAPERS/papers/practice solutionmikemoore.html
2003.07.17 11:19 B C:\PAPERS\papers\practice\solutionmikereed.html <-- WS_FTP32 /home/pg02305/PAPERS/papers/practice solutionmikereed.html
2003.07.17 11:19 B C:\PAPERS\papers\practice\solutiontalmquestion.html <-- WS_FTP32 /home/pg02305/PAPERS/papers/practice solutiontalmquestion.html
2003.07.17 11:19 B C:\PAPERS\papers\practice\sunis.txt <-- WS_FTP32 /home/pg02305/PAPERS/papers/practice sunis.txt
2003.07.17 11:19 B C:\PAPERS\papers\practice\technical.html <-- WS_FTP32 /home/pg02305/PAPERS/papers/practice technical.html
2003.07.17 11:19 B C:\PAPERS\papers\practice\texas99.txt <-- WS_FTP32 /home/pg02305/PAPERS/papers/practice texas99.txt
2003.07.17 11:19 B C:\PAPERS\papers\practice\thebest.html <-- WS_FTP32 /home/pg02305/PAPERS/papers/practice thebest.html
2003.07.17 11:19 B C:\PAPERS\papers\practice\thoughtson.html <-- WS_FTP32 /home/pg02305/PAPERS/papers/practice thoughtson.html
2003.07.17 11:19 B C:\PAPERS\papers\practice\tifor_ece.txt <-- WS_FTP32 /home/pg02305/PAPERS/papers/practice tifor_ece.txt
2003.07.17 11:19 B C:\PAPERS\papers\practice\timestamp.js <-- WS_FTP32 /home/pg02305/PAPERS/papers/practice timestamp.js
2003.07.17 11:19 B C:\PAPERS\papers\practice\tips.gif <-- WS_FTP32 /home/pg02305/PAPERS/papers/practice tips.gif
2003.07.17 11:19 B C:\PAPERS\papers\practice\tips.htm <-- WS_FTP32 /home/pg02305/PAPERS/papers/practice tips.htm
2003.07.17 11:19 B C:\PAPERS\papers\practice\updates.html <-- WS_FTP32 /home/pg02305/PAPERS/papers/practice updates.html
2003.07.17 11:19 B C:\PAPERS\papers\practice\url.txt <-- WS_FTP32 /home/pg02305/PAPERS/papers/practice url.txt
2003.07.17 11:19 B C:\PAPERS\papers\practice\wipro.txt <-- WS_FTP32 /home/pg02305/PAPERS/papers/practice wipro.txt
2003.07.17 11:19 B C:\PAPERS\papers\practice\wipro3.txt <-- WS_FTP32 /home/pg02305/PAPERS/papers/practice wipro3.txt
2003.07.17 11:19 B C:\PAPERS\papers\practice\wipro97.txt <-- WS_FTP32 /home/pg02305/PAPERS/papers/practice wipro97.txt
2003.07.17 11:19 B C:\PAPERS\papers\practice\wipro_isi.txt <-- WS_FTP32 /home/pg02305/PAPERS/papers/practice wipro_isi.txt
2003.07.17 11:19 B C:\PAPERS\papers\practice\¿D=A.html <-- WS_FTP32 /home/pg02305/PAPERS/papers/practice ¿D=A.html
2003.07.17 11:19 B C:\PAPERS\papers\practice\¿D=D.html <-- WS_FTP32 /home/pg02305/PAPERS/papers/practice ¿D=D.html
2003.07.17 11:19 B C:\PAPERS\papers\practice\¿M=A.html <-- WS_FTP32 /home/pg02305/PAPERS/papers/practice ¿M=A.html
2003.07.17 11:19 B C:\PAPERS\papers\practice\¿M=D.html <-- WS_FTP32 /home/pg02305/PAPERS/papers/practice ¿M=D.html
2003.07.17 11:19 B C:\PAPERS\papers\practice\¿N=A.html <-- WS_FTP32 /home/pg02305/PAPERS/papers/practice ¿N=A.html
2003.07.17 11:19 B C:\PAPERS\papers\practice\¿N=D.html <-- WS_FTP32 /home/pg02305/PAPERS/papers/practice ¿N=D.html
2003.07.17 11:19 B C:\PAPERS\papers\practice\¿S=A.html <-- WS_FTP32 /home/pg02305/PAPERS/papers/practice ¿S=A.html
2003.07.17 11:19 B C:\PAPERS\papers\practice\¿S=D.html <-- WS_FTP32 /home/pg02305/PAPERS/papers/practice ¿S=D.html
