 %% PLEASE DO NOT MODIFY OR DELETE THIS FILE! %% 
 %% This file contains information about the installation of an application. %% 
 %% It will be used to automatically remove all application components from your computer if you choose to do so. %% 


NOTE: Beginning of the bootstrapper section

CONFIG: Title: "voca"

ACTION: TempFile: "C:\WINNT\setup1.exe"
(File was not found or was an older version -- new file copied)

ACTION: RegKey: "HKEY_LOCAL_MACHINE\SOFTWARE\Microsoft\Windows\CurrentVersion", "SharedDLLs"

ACTION: SharedFile: "C:\WINNT\system32\VB5StKit.dll"
(File was not found or was an older version -- new file copied)

ACTION: SystemFile: "C:\WINNT\system32\MSVBVM50.dll"
(File currently on disk was already up to date)

ACTION: SystemFile: "C:\WINNT\system32\StdOle2.tlb"
(File currently on disk was already up to date)

ACTION: SystemFile: "C:\WINNT\system32\OleAut32.dll"
(File currently on disk was already up to date)

ACTION: SystemFile: "C:\WINNT\system32\OlePro32.dll"
(File currently on disk was already up to date)

ACTION: SystemFile: "C:\WINNT\system32\AsycFilt.dll"
(File currently on disk was already up to date)

NOTE: The file 'Ctl3d32.dll' was not copied because it is intended for use under Windows NT 3.51 only.  It is not needed under Windows 95 or NT 4.0.

ACTION: SystemFile: "C:\WINNT\system32\Ctl3d32.dll"
(File currently on disk was already up to date)

ACTION: SystemFile: "C:\WINNT\system32\ComCat.dll"
(File currently on disk was already up to date)

ACTION: DllSelfRegister: "C:\WINNT\system32\MSVBVM50.dll"

ACTION: TLBRegister: "C:\WINNT\system32\StdOle2.tlb"

ACTION: DllSelfRegister: "C:\WINNT\system32\OleAut32.dll"

ACTION: DllSelfRegister: "C:\WINNT\system32\OlePro32.dll"

ACTION: DllSelfRegister: "C:\WINNT\system32\ComCat.dll"

NOTE: End of the bootstrapper section

NOTE: Now spawning the main Setup program 'C:\WINNT\setup1.exe'....

ACTION: CreateDir: "C:\Program Files\voca"

ACTION: PrivateFile: "C:\Program Files\voca\voca.exe"
(File was not found or was an older version -- new file copied)

ACTION: PrivateFile: "C:\Program Files\voca\antonym.txt"
(File was not found or was an older version -- new file copied)

ACTION: PrivateFile: "C:\Program Files\voca\ant-pre.txt"
(File was not found or was an older version -- new file copied)

ACTION: PrivateFile: "C:\Program Files\voca\grea.txt"
(File was not found or was an older version -- new file copied)

ACTION: PrivateFile: "C:\Program Files\voca\gren.txt"
(File was not found or was an older version -- new file copied)

ACTION: PrivateFile: "C:\Program Files\voca\grev.txt"
(File was not found or was an older version -- new file copied)

ACTION: PrivateFile: "C:\Program Files\voca\LIST.TXT"
(File was not found or was an older version -- new file copied)

ACTION: PrivateFile: "C:\Program Files\voca\previous.txt"
(File was not found or was an older version -- new file copied)

ACTION: ShellLink: "", "voca"

ACTION: RegKey: "HKEY_LOCAL_MACHINE\SOFTWARE\Microsoft\Windows\CurrentVersion", "App Paths\voca.exe"

ACTION: RegValue: "HKEY_LOCAL_MACHINE\SOFTWARE\Microsoft\Windows\CurrentVersion\App Paths\voca.exe", ""

